  keybst.cpp
D:\새 폴더\keybst\keybst\keybst.cpp(1381,33): warning C4244: '인수': 'WORD'에서 'BYTE'(으)로 변환하면서 데이터가 손실될 수 있습니다.
D:\새 폴더\keybst\keybst\keybst.cpp(1383,33): warning C4244: '인수': 'WORD'에서 'BYTE'(으)로 변환하면서 데이터가 손실될 수 있습니다.
D:\새 폴더\keybst\keybst\keybst.cpp(1385,33): warning C4244: '인수': 'WORD'에서 'BYTE'(으)로 변환하면서 데이터가 손실될 수 있습니다.
D:\새 폴더\keybst\keybst\keybst.cpp(1387,33): warning C4244: '인수': 'WORD'에서 'BYTE'(으)로 변환하면서 데이터가 손실될 수 있습니다.
D:\새 폴더\keybst\keybst\keybst.cpp(1390,33): warning C4244: '인수': 'WORD'에서 'BYTE'(으)로 변환하면서 데이터가 손실될 수 있습니다.
D:\새 폴더\keybst\keybst\keybst.cpp(1392,33): warning C4244: '인수': 'WORD'에서 'BYTE'(으)로 변환하면서 데이터가 손실될 수 있습니다.
D:\새 폴더\keybst\keybst\keybst.cpp(1394,33): warning C4244: '인수': 'WORD'에서 'BYTE'(으)로 변환하면서 데이터가 손실될 수 있습니다.
D:\새 폴더\keybst\keybst\keybst.cpp(1396,33): warning C4244: '인수': 'WORD'에서 'BYTE'(으)로 변환하면서 데이터가 손실될 수 있습니다.
D:\새 폴더\keybst\keybst\keybst.cpp(1402,33): warning C4244: '인수': 'WORD'에서 'BYTE'(으)로 변환하면서 데이터가 손실될 수 있습니다.
D:\새 폴더\keybst\keybst\keybst.cpp(1404,33): warning C4244: '인수': 'WORD'에서 'BYTE'(으)로 변환하면서 데이터가 손실될 수 있습니다.
D:\새 폴더\keybst\keybst\keybst.cpp(1406,33): warning C4244: '인수': 'WORD'에서 'BYTE'(으)로 변환하면서 데이터가 손실될 수 있습니다.
D:\새 폴더\keybst\keybst\keybst.cpp(1408,33): warning C4244: '인수': 'WORD'에서 'BYTE'(으)로 변환하면서 데이터가 손실될 수 있습니다.
D:\새 폴더\keybst\keybst\keybst.cpp(1411,33): warning C4244: '인수': 'WORD'에서 'BYTE'(으)로 변환하면서 데이터가 손실될 수 있습니다.
D:\새 폴더\keybst\keybst\keybst.cpp(1413,33): warning C4244: '인수': 'WORD'에서 'BYTE'(으)로 변환하면서 데이터가 손실될 수 있습니다.
D:\새 폴더\keybst\keybst\keybst.cpp(1415,33): warning C4244: '인수': 'WORD'에서 'BYTE'(으)로 변환하면서 데이터가 손실될 수 있습니다.
D:\새 폴더\keybst\keybst\keybst.cpp(1417,33): warning C4244: '인수': 'WORD'에서 'BYTE'(으)로 변환하면서 데이터가 손실될 수 있습니다.
D:\새 폴더\keybst\keybst\keybst.cpp(1439,23): warning C4244: '초기화 중': 'LRESULT'에서 'int'(으)로 변환하면서 데이터가 손실될 수 있습니다.
D:\새 폴더\keybst\keybst\keybst.cpp(1450,29): warning C4244: '초기화 중': 'LRESULT'에서 'int'(으)로 변환하면서 데이터가 손실될 수 있습니다.
D:\새 폴더\keybst\keybst\keybst.cpp(1451,27): warning C4244: '초기화 중': 'LRESULT'에서 'int'(으)로 변환하면서 데이터가 손실될 수 있습니다.
D:\새 폴더\keybst\keybst\keybst.cpp(1452,28): warning C4244: '초기화 중': 'LRESULT'에서 'int'(으)로 변환하면서 데이터가 손실될 수 있습니다.
D:\새 폴더\keybst\keybst\keybst.cpp(1453,28): warning C4244: '초기화 중': 'LRESULT'에서 'int'(으)로 변환하면서 데이터가 손실될 수 있습니다.
  코드를 생성하고 있습니다.
  1 of 629 functions ( 0.2%) were compiled, the rest were copied from previous compilation.
    0 functions were new in current compilation
    2 functions had inline decision re-evaluated but remain unchanged
  코드를 생성했습니다.
  keybst.vcxproj -> D:\새 폴더\keybst\x64\Release\keybst.exe
